     1 00000000                                 [FORMAT "WCOFF"]
     2 00000000                                 [INSTRSET "i486p"]
     3 00000000                                 [OPTIMIZE 1]
     4 00000000                                 [OPTION 1]
     5 00000000                                 [BITS 32]
     6 00000000                                 	EXTERN	_io_out8
     7 00000000                                 	EXTERN	_io_stihlt
     8 00000000                                 	EXTERN	_hankaku
     9 00000000                                 	EXTERN	_io_load_eflags
    10 00000000                                 	EXTERN	_io_cli
    11 00000000                                 	EXTERN	_io_store_eflags
    12 00000000                                 	EXTERN	_load_gdtr
    13 00000000                                 	EXTERN	_asm_inthandler21
    14 00000000                                 	EXTERN	_asm_inthandler27
    15 00000000                                 	EXTERN	_asm_inthandler2c
    16 00000000                                 	EXTERN	_load_idtr
    17 00000000                                 	EXTERN	_io_in8
    18 00000000                                 	EXTERN	_sprintf
    19 00000000                                 [FILE "bootpack.c"]
    20                                          [SECTION .text]
    21 00000000                                 	GLOBAL	_HariMain
    22 00000000                                 _HariMain:
    23 00000000 55                              	PUSH	EBP
    24 00000001 89 E5                           	MOV	EBP,ESP
    25 00000003 57                              	PUSH	EDI
    26 00000004 56                              	PUSH	ESI
    27 00000005 53                              	PUSH	EBX
    28 00000006 BB 00000002                     	MOV	EBX,2
    29 0000000B 81 EC 00000108                  	SUB	ESP,264
    30 00000011 E8 000002C8                     	CALL	_init_palette
    31 00000016 E8 00000461                     	CALL	_init_gdtidt
    32 0000001B E8 000005AD                     	CALL	_init_pic
    33 00000020 0F BF 05 00000FF4               	MOVSX	EAX,WORD [4084]
    34 00000027 0F BF 35 00000FF6               	MOVSX	ESI,WORD [4086]
    35 0000002E 8D 48 F0                        	LEA	ECX,DWORD [-16+EAX]
    36 00000031 56                              	PUSH	ESI
    37 00000032 89 C8                           	MOV	EAX,ECX
    38 00000034 B9 00000002                     	MOV	ECX,2
    39 00000039 99                              	CDQ
    40 0000003A F7 FB                           	IDIV	EBX
    41 0000003C 8D 5E D4                        	LEA	EBX,DWORD [-44+ESI]
    42 0000003F 89 C7                           	MOV	EDI,EAX
    43 00000041 89 D8                           	MOV	EAX,EBX
    44 00000043 8D B5 FFFFFEF4                  	LEA	ESI,DWORD [-268+EBP]
    45 00000049 99                              	CDQ
    46 0000004A F7 F9                           	IDIV	ECX
    47 0000004C 0F BF 15 00000FF4               	MOVSX	EDX,WORD [4084]
    48 00000053 52                              	PUSH	EDX
    49 00000054 89 C3                           	MOV	EBX,EAX
    50 00000056 FF 35 00000FF8                  	PUSH	DWORD [4088]
    51 0000005C E8 000000F2                     	CALL	_init_screen
    52 00000061 6A 0E                           	PUSH	14
    53 00000063 56                              	PUSH	ESI
    54 00000064 E8 00000360                     	CALL	_init_mouse_cursor8
    55 00000069 6A 10                           	PUSH	16
    56 0000006B 56                              	PUSH	ESI
    57 0000006C 53                              	PUSH	EBX
    58 0000006D 57                              	PUSH	EDI
    59 0000006E 6A 10                           	PUSH	16
    60 00000070 6A 10                           	PUSH	16
    61 00000072 0F BF 15 00000FF4               	MOVSX	EDX,WORD [4084]
    62 00000079 52                              	PUSH	EDX
    63 0000007A FF 35 00000FF8                  	PUSH	DWORD [4088]
    64 00000080 E8 000003A1                     	CALL	_putblock8_8
    65 00000085 83 C4 34                        	ADD	ESP,52
    66 00000088 68 000000F9                     	PUSH	249
    67 0000008D 6A 21                           	PUSH	33
    68 0000008F E8 [00000000]                   	CALL	_io_out8
    69 00000094 68 000000EF                     	PUSH	239
    70 00000099 68 000000A1                     	PUSH	161
    71 0000009E E8 [00000000]                   	CALL	_io_out8
    72 000000A3 83 C4 10                        	ADD	ESP,16
    73 000000A6                                 L2:
    74 000000A6 E8 [00000000]                   	CALL	_io_stihlt
    75 000000AB EB F9                           	JMP	L2
    76 000000AD                                 	GLOBAL	_putfont8
    77 000000AD                                 _putfont8:
    78 000000AD 55                              	PUSH	EBP
    79 000000AE 89 E5                           	MOV	EBP,ESP
    80 000000B0 57                              	PUSH	EDI
    81 000000B1 56                              	PUSH	ESI
    82 000000B2 53                              	PUSH	EBX
    83 000000B3 51                              	PUSH	ECX
    84 000000B4 51                              	PUSH	ECX
    85 000000B5 31 C9                           	XOR	ECX,ECX
    86 000000B7 8A 45 18                        	MOV	AL,BYTE [24+EBP]
    87 000000BA 88 45 F3                        	MOV	BYTE [-13+EBP],AL
    88 000000BD                                 L15:
    89 000000BD 8B 45 1C                        	MOV	EAX,DWORD [28+EBP]
    90 000000C0 BA 00000080                     	MOV	EDX,128
    91 000000C5 31 DB                           	XOR	EBX,EBX
    92 000000C7 8A 04 01                        	MOV	AL,BYTE [ECX+EAX*1]
    93 000000CA 88 45 F2                        	MOV	BYTE [-14+EBP],AL
    94 000000CD                                 L14:
    95 000000CD 0F BE 45 F2                     	MOVSX	EAX,BYTE [-14+EBP]
    96 000000D1 85 D0                           	TEST	EAX,EDX
    97 000000D3 74 1D                           	JE	L13
    98 000000D5 8B 45 14                        	MOV	EAX,DWORD [20+EBP]
    99 000000D8 8B 75 08                        	MOV	ESI,DWORD [8+EBP]
   100 000000DB 01 C8                           	ADD	EAX,ECX
   101 000000DD 0F AF 45 0C                     	IMUL	EAX,DWORD [12+EBP]
   102 000000E1 03 45 10                        	ADD	EAX,DWORD [16+EBP]
   103 000000E4 01 D8                           	ADD	EAX,EBX
   104 000000E6 89 45 EC                        	MOV	DWORD [-20+EBP],EAX
   105 000000E9 8A 45 F3                        	MOV	AL,BYTE [-13+EBP]
   106 000000EC 8B 7D EC                        	MOV	EDI,DWORD [-20+EBP]
   107 000000EF 88 04 37                        	MOV	BYTE [EDI+ESI*1],AL
   108 000000F2                                 L13:
   109 000000F2 D1 FA                           	SAR	EDX,1
   110 000000F4 43                              	INC	EBX
   111 000000F5 85 D2                           	TEST	EDX,EDX
   112 000000F7 7F D4                           	JG	L14
   113 000000F9 41                              	INC	ECX
   114 000000FA 83 F9 0F                        	CMP	ECX,15
   115 000000FD 7E BE                           	JLE	L15
   116 000000FF 58                              	POP	EAX
   117 00000100 5A                              	POP	EDX
   118 00000101 5B                              	POP	EBX
   119 00000102 5E                              	POP	ESI
   120 00000103 5F                              	POP	EDI
   121 00000104 5D                              	POP	EBP
   122 00000105 C3                              	RET
   123 00000106                                 	GLOBAL	_putfont8_asc
   124 00000106                                 _putfont8_asc:
   125 00000106 55                              	PUSH	EBP
   126 00000107 89 E5                           	MOV	EBP,ESP
   127 00000109 57                              	PUSH	EDI
   128 0000010A 56                              	PUSH	ESI
   129 0000010B 53                              	PUSH	EBX
   130 0000010C 53                              	PUSH	EBX
   131 0000010D 8B 5D 1C                        	MOV	EBX,DWORD [28+EBP]
   132 00000110 8A 45 18                        	MOV	AL,BYTE [24+EBP]
   133 00000113 88 45 F3                        	MOV	BYTE [-13+EBP],AL
   134 00000116 8B 7D 14                        	MOV	EDI,DWORD [20+EBP]
   135 00000119 80 3B 00                        	CMP	BYTE [EBX],0
   136 0000011C 74 2D                           	JE	L27
   137 0000011E 8B 75 10                        	MOV	ESI,DWORD [16+EBP]
   138 00000121                                 L25:
   139 00000121 0F BE 03                        	MOVSX	EAX,BYTE [EBX]
   140 00000124 C1 E0 04                        	SAL	EAX,4
   141 00000127 43                              	INC	EBX
   142 00000128 05 [00000000]                   	ADD	EAX,_hankaku
   143 0000012D 50                              	PUSH	EAX
   144 0000012E 0F BE 45 F3                     	MOVSX	EAX,BYTE [-13+EBP]
   145 00000132 50                              	PUSH	EAX
   146 00000133 57                              	PUSH	EDI
   147 00000134 56                              	PUSH	ESI
   148 00000135 83 C6 08                        	ADD	ESI,8
   149 00000138 FF 75 0C                        	PUSH	DWORD [12+EBP]
   150 0000013B FF 75 08                        	PUSH	DWORD [8+EBP]
   151 0000013E E8 FFFFFF6A                     	CALL	_putfont8
   152 00000143 83 C4 18                        	ADD	ESP,24
   153 00000146 80 3B 00                        	CMP	BYTE [EBX],0
   154 00000149 75 D6                           	JNE	L25
   155 0000014B                                 L27:
   156 0000014B 8D 65 F4                        	LEA	ESP,DWORD [-12+EBP]
   157 0000014E 5B                              	POP	EBX
   158 0000014F 5E                              	POP	ESI
   159 00000150 5F                              	POP	EDI
   160 00000151 5D                              	POP	EBP
   161 00000152 C3                              	RET
   162 00000153                                 	GLOBAL	_init_screen
   163 00000153                                 _init_screen:
   164 00000153 55                              	PUSH	EBP
   165 00000154 89 E5                           	MOV	EBP,ESP
   166 00000156 57                              	PUSH	EDI
   167 00000157 56                              	PUSH	ESI
   168 00000158 53                              	PUSH	EBX
   169 00000159 83 EC 0C                        	SUB	ESP,12
   170 0000015C 8B 45 10                        	MOV	EAX,DWORD [16+EBP]
   171 0000015F 8B 7D 0C                        	MOV	EDI,DWORD [12+EBP]
   172 00000162 83 E8 1D                        	SUB	EAX,29
   173 00000165 4F                              	DEC	EDI
   174 00000166 50                              	PUSH	EAX
   175 00000167 57                              	PUSH	EDI
   176 00000168 6A 00                           	PUSH	0
   177 0000016A 6A 00                           	PUSH	0
   178 0000016C 6A 0E                           	PUSH	14
   179 0000016E FF 75 0C                        	PUSH	DWORD [12+EBP]
   180 00000171 FF 75 08                        	PUSH	DWORD [8+EBP]
   181 00000174 E8 00000200                     	CALL	_boxfill8
   182 00000179 8B 45 10                        	MOV	EAX,DWORD [16+EBP]
   183 0000017C 83 E8 1C                        	SUB	EAX,28
   184 0000017F 50                              	PUSH	EAX
   185 00000180 57                              	PUSH	EDI
   186 00000181 50                              	PUSH	EAX
   187 00000182 6A 00                           	PUSH	0
   188 00000184 6A 08                           	PUSH	8
   189 00000186 FF 75 0C                        	PUSH	DWORD [12+EBP]
   190 00000189 FF 75 08                        	PUSH	DWORD [8+EBP]
   191 0000018C E8 000001E8                     	CALL	_boxfill8
   192 00000191 8B 45 10                        	MOV	EAX,DWORD [16+EBP]
   193 00000194 83 C4 38                        	ADD	ESP,56
   194 00000197 83 E8 1B                        	SUB	EAX,27
   195 0000019A 50                              	PUSH	EAX
   196 0000019B 57                              	PUSH	EDI
   197 0000019C 50                              	PUSH	EAX
   198 0000019D 6A 00                           	PUSH	0
   199 0000019F 6A 07                           	PUSH	7
   200 000001A1 FF 75 0C                        	PUSH	DWORD [12+EBP]
   201 000001A4 FF 75 08                        	PUSH	DWORD [8+EBP]
   202 000001A7 E8 000001CD                     	CALL	_boxfill8
   203 000001AC 8B 45 10                        	MOV	EAX,DWORD [16+EBP]
   204 000001AF 48                              	DEC	EAX
   205 000001B0 50                              	PUSH	EAX
   206 000001B1 8B 45 10                        	MOV	EAX,DWORD [16+EBP]
   207 000001B4 57                              	PUSH	EDI
   208 000001B5 83 E8 1A                        	SUB	EAX,26
   209 000001B8 50                              	PUSH	EAX
   210 000001B9 6A 00                           	PUSH	0
   211 000001BB 6A 08                           	PUSH	8
   212 000001BD FF 75 0C                        	PUSH	DWORD [12+EBP]
   213 000001C0 FF 75 08                        	PUSH	DWORD [8+EBP]
   214 000001C3 E8 000001B1                     	CALL	_boxfill8
   215 000001C8 8B 75 10                        	MOV	ESI,DWORD [16+EBP]
   216 000001CB 83 C4 38                        	ADD	ESP,56
   217 000001CE 83 EE 18                        	SUB	ESI,24
   218 000001D1 56                              	PUSH	ESI
   219 000001D2 6A 3B                           	PUSH	59
   220 000001D4 56                              	PUSH	ESI
   221 000001D5 6A 03                           	PUSH	3
   222 000001D7 6A 07                           	PUSH	7
   223 000001D9 FF 75 0C                        	PUSH	DWORD [12+EBP]
   224 000001DC FF 75 08                        	PUSH	DWORD [8+EBP]
   225 000001DF E8 00000195                     	CALL	_boxfill8
   226 000001E4 8B 45 10                        	MOV	EAX,DWORD [16+EBP]
   227 000001E7 83 E8 04                        	SUB	EAX,4
   228 000001EA 50                              	PUSH	EAX
   229 000001EB 89 45 F0                        	MOV	DWORD [-16+EBP],EAX
   230 000001EE 6A 02                           	PUSH	2
   231 000001F0 56                              	PUSH	ESI
   232 000001F1 6A 02                           	PUSH	2
   233 000001F3 6A 07                           	PUSH	7
   234 000001F5 FF 75 0C                        	PUSH	DWORD [12+EBP]
   235 000001F8 FF 75 08                        	PUSH	DWORD [8+EBP]
   236 000001FB E8 00000179                     	CALL	_boxfill8
   237 00000200 83 C4 38                        	ADD	ESP,56
   238 00000203 FF 75 F0                        	PUSH	DWORD [-16+EBP]
   239 00000206 6A 3B                           	PUSH	59
   240 00000208 FF 75 F0                        	PUSH	DWORD [-16+EBP]
   241 0000020B 6A 03                           	PUSH	3
   242 0000020D 6A 0F                           	PUSH	15
   243 0000020F FF 75 0C                        	PUSH	DWORD [12+EBP]
   244 00000212 FF 75 08                        	PUSH	DWORD [8+EBP]
   245 00000215 E8 0000015F                     	CALL	_boxfill8
   246 0000021A 8B 45 10                        	MOV	EAX,DWORD [16+EBP]
   247 0000021D 83 E8 05                        	SUB	EAX,5
   248 00000220 50                              	PUSH	EAX
   249 00000221 8B 45 10                        	MOV	EAX,DWORD [16+EBP]
   250 00000224 6A 3B                           	PUSH	59
   251 00000226 83 E8 17                        	SUB	EAX,23
   252 00000229 50                              	PUSH	EAX
   253 0000022A 89 45 EC                        	MOV	DWORD [-20+EBP],EAX
   254 0000022D 6A 3B                           	PUSH	59
   255 0000022F 6A 0F                           	PUSH	15
   256 00000231 FF 75 0C                        	PUSH	DWORD [12+EBP]
   257 00000234 FF 75 08                        	PUSH	DWORD [8+EBP]
   258 00000237 E8 0000013D                     	CALL	_boxfill8
   259 0000023C 8B 45 10                        	MOV	EAX,DWORD [16+EBP]
   260 0000023F 83 C4 38                        	ADD	ESP,56
   261 00000242 83 E8 03                        	SUB	EAX,3
   262 00000245 89 45 E8                        	MOV	DWORD [-24+EBP],EAX
   263 00000248 50                              	PUSH	EAX
   264 00000249 6A 3B                           	PUSH	59
   265 0000024B 50                              	PUSH	EAX
   266 0000024C 6A 02                           	PUSH	2
   267 0000024E 6A 00                           	PUSH	0
   268 00000250 FF 75 0C                        	PUSH	DWORD [12+EBP]
   269 00000253 FF 75 08                        	PUSH	DWORD [8+EBP]
   270 00000256 E8 0000011E                     	CALL	_boxfill8
   271 0000025B FF 75 E8                        	PUSH	DWORD [-24+EBP]
   272 0000025E 6A 3C                           	PUSH	60
   273 00000260 56                              	PUSH	ESI
   274 00000261 6A 3C                           	PUSH	60
   275 00000263 6A 00                           	PUSH	0
   276 00000265 FF 75 0C                        	PUSH	DWORD [12+EBP]
   277 00000268 FF 75 08                        	PUSH	DWORD [8+EBP]
   278 0000026B E8 00000109                     	CALL	_boxfill8
   279 00000270 8B 7D 0C                        	MOV	EDI,DWORD [12+EBP]
   280 00000273 83 C4 38                        	ADD	ESP,56
   281 00000276 8B 5D 0C                        	MOV	EBX,DWORD [12+EBP]
   282 00000279 83 EB 04                        	SUB	EBX,4
   283 0000027C 83 EF 2F                        	SUB	EDI,47
   284 0000027F 56                              	PUSH	ESI
   285 00000280 53                              	PUSH	EBX
   286 00000281 56                              	PUSH	ESI
   287 00000282 57                              	PUSH	EDI
   288 00000283 6A 0F                           	PUSH	15
   289 00000285 FF 75 0C                        	PUSH	DWORD [12+EBP]
   290 00000288 FF 75 08                        	PUSH	DWORD [8+EBP]
   291 0000028B E8 000000E9                     	CALL	_boxfill8
   292 00000290 FF 75 F0                        	PUSH	DWORD [-16+EBP]
   293 00000293 57                              	PUSH	EDI
   294 00000294 FF 75 EC                        	PUSH	DWORD [-20+EBP]
   295 00000297 57                              	PUSH	EDI
   296 00000298 6A 0F                           	PUSH	15
   297 0000029A FF 75 0C                        	PUSH	DWORD [12+EBP]
   298 0000029D FF 75 08                        	PUSH	DWORD [8+EBP]
   299 000002A0 E8 000000D4                     	CALL	_boxfill8
   300 000002A5 83 C4 38                        	ADD	ESP,56
   301 000002A8 FF 75 E8                        	PUSH	DWORD [-24+EBP]
   302 000002AB 53                              	PUSH	EBX
   303 000002AC FF 75 E8                        	PUSH	DWORD [-24+EBP]
   304 000002AF 57                              	PUSH	EDI
   305 000002B0 6A 07                           	PUSH	7
   306 000002B2 FF 75 0C                        	PUSH	DWORD [12+EBP]
   307 000002B5 FF 75 08                        	PUSH	DWORD [8+EBP]
   308 000002B8 E8 000000BC                     	CALL	_boxfill8
   309 000002BD 8B 45 0C                        	MOV	EAX,DWORD [12+EBP]
   310 000002C0 FF 75 E8                        	PUSH	DWORD [-24+EBP]
   311 000002C3 83 E8 03                        	SUB	EAX,3
   312 000002C6 50                              	PUSH	EAX
   313 000002C7 56                              	PUSH	ESI
   314 000002C8 50                              	PUSH	EAX
   315 000002C9 6A 07                           	PUSH	7
   316 000002CB FF 75 0C                        	PUSH	DWORD [12+EBP]
   317 000002CE FF 75 08                        	PUSH	DWORD [8+EBP]
   318 000002D1 E8 000000A3                     	CALL	_boxfill8
   319 000002D6 8D 65 F4                        	LEA	ESP,DWORD [-12+EBP]
   320 000002D9 5B                              	POP	EBX
   321 000002DA 5E                              	POP	ESI
   322 000002DB 5F                              	POP	EDI
   323 000002DC 5D                              	POP	EBP
   324 000002DD C3                              	RET
   325                                          [SECTION .data]
   326 00000000                                 _table_rgb.0:
   327 00000000 00                              	DB	0
   328 00000001 00                              	DB	0
   329 00000002 00                              	DB	0
   330 00000003 FF                              	DB	-1
   331 00000004 00                              	DB	0
   332 00000005 00                              	DB	0
   333 00000006 00                              	DB	0
   334 00000007 FF                              	DB	-1
   335 00000008 00                              	DB	0
   336 00000009 FF                              	DB	-1
   337 0000000A FF                              	DB	-1
   338 0000000B 00                              	DB	0
   339 0000000C 00                              	DB	0
   340 0000000D 00                              	DB	0
   341 0000000E FF                              	DB	-1
   342 0000000F FF                              	DB	-1
   343 00000010 00                              	DB	0
   344 00000011 FF                              	DB	-1
   345 00000012 00                              	DB	0
   346 00000013 FF                              	DB	-1
   347 00000014 FF                              	DB	-1
   348 00000015 FF                              	DB	-1
   349 00000016 FF                              	DB	-1
   350 00000017 FF                              	DB	-1
   351 00000018 C6                              	DB	-58
   352 00000019 C6                              	DB	-58
   353 0000001A C6                              	DB	-58
   354 0000001B 84                              	DB	-124
   355 0000001C 00                              	DB	0
   356 0000001D 00                              	DB	0
   357 0000001E 00                              	DB	0
   358 0000001F 84                              	DB	-124
   359 00000020 00                              	DB	0
   360 00000021 84                              	DB	-124
   361 00000022 84                              	DB	-124
   362 00000023 00                              	DB	0
   363 00000024 00                              	DB	0
   364 00000025 00                              	DB	0
   365 00000026 84                              	DB	-124
   366 00000027 84                              	DB	-124
   367 00000028 00                              	DB	0
   368 00000029 84                              	DB	-124
   369 0000002A 00                              	DB	0
   370 0000002B 84                              	DB	-124
   371 0000002C 84                              	DB	-124
   372 0000002D 84                              	DB	-124
   373 0000002E 84                              	DB	-124
   374 0000002F 84                              	DB	-124
   375                                          [SECTION .text]
   376 000002DE                                 	GLOBAL	_init_palette
   377 000002DE                                 _init_palette:
   378 000002DE 55                              	PUSH	EBP
   379 000002DF 89 E5                           	MOV	EBP,ESP
   380 000002E1 68 [00000000]                   	PUSH	_table_rgb.0
   381 000002E6 6A 0F                           	PUSH	15
   382 000002E8 6A 00                           	PUSH	0
   383 000002EA E8 00000002                     	CALL	_set_palette
   384 000002EF C9                              	LEAVE
   385 000002F0 C3                              	RET
   386 000002F1                                 	GLOBAL	_set_palette
   387 000002F1                                 _set_palette:
   388 000002F1 55                              	PUSH	EBP
   389 000002F2 89 E5                           	MOV	EBP,ESP
   390 000002F4 57                              	PUSH	EDI
   391 000002F5 56                              	PUSH	ESI
   392 000002F6 53                              	PUSH	EBX
   393 000002F7 51                              	PUSH	ECX
   394 000002F8 8B 5D 08                        	MOV	EBX,DWORD [8+EBP]
   395 000002FB 8B 7D 0C                        	MOV	EDI,DWORD [12+EBP]
   396 000002FE 8B 75 10                        	MOV	ESI,DWORD [16+EBP]
   397 00000301 E8 [00000000]                   	CALL	_io_load_eflags
   398 00000306 89 45 F0                        	MOV	DWORD [-16+EBP],EAX
   399 00000309 E8 [00000000]                   	CALL	_io_cli
   400 0000030E 53                              	PUSH	EBX
   401 0000030F 68 000003C8                     	PUSH	968
   402 00000314 E8 [00000000]                   	CALL	_io_out8
   403 00000319 39 FB                           	CMP	EBX,EDI
   404 0000031B 58                              	POP	EAX
   405 0000031C 5A                              	POP	EDX
   406 0000031D 7E 12                           	JLE	L35
   407 0000031F                                 L37:
   408 0000031F 8B 45 F0                        	MOV	EAX,DWORD [-16+EBP]
   409 00000322 89 45 08                        	MOV	DWORD [8+EBP],EAX
   410 00000325 8D 65 F4                        	LEA	ESP,DWORD [-12+EBP]
   411 00000328 5B                              	POP	EBX
   412 00000329 5E                              	POP	ESI
   413 0000032A 5F                              	POP	EDI
   414 0000032B 5D                              	POP	EBP
   415 0000032C E9 [00000000]                   	JMP	_io_store_eflags
   416 00000331                                 L35:
   417 00000331 8A 06                           	MOV	AL,BYTE [ESI]
   418 00000333 43                              	INC	EBX
   419 00000334 C0 E8 02                        	SHR	AL,2
   420 00000337 0F B6 C0                        	MOVZX	EAX,AL
   421 0000033A 50                              	PUSH	EAX
   422 0000033B 68 000003C9                     	PUSH	969
   423 00000340 E8 [00000000]                   	CALL	_io_out8
   424 00000345 8A 46 01                        	MOV	AL,BYTE [1+ESI]
   425 00000348 C0 E8 02                        	SHR	AL,2
   426 0000034B 0F B6 C0                        	MOVZX	EAX,AL
   427 0000034E 50                              	PUSH	EAX
   428 0000034F 68 000003C9                     	PUSH	969
   429 00000354 E8 [00000000]                   	CALL	_io_out8
   430 00000359 8A 46 02                        	MOV	AL,BYTE [2+ESI]
   431 0000035C C0 E8 02                        	SHR	AL,2
   432 0000035F 83 C6 03                        	ADD	ESI,3
   433 00000362 0F B6 C0                        	MOVZX	EAX,AL
   434 00000365 50                              	PUSH	EAX
   435 00000366 68 000003C9                     	PUSH	969
   436 0000036B E8 [00000000]                   	CALL	_io_out8
   437 00000370 83 C4 18                        	ADD	ESP,24
   438 00000373 39 FB                           	CMP	EBX,EDI
   439 00000375 7E BA                           	JLE	L35
   440 00000377 EB A6                           	JMP	L37
   441 00000379                                 	GLOBAL	_boxfill8
   442 00000379                                 _boxfill8:
   443 00000379 55                              	PUSH	EBP
   444 0000037A 89 E5                           	MOV	EBP,ESP
   445 0000037C 57                              	PUSH	EDI
   446 0000037D 56                              	PUSH	ESI
   447 0000037E 53                              	PUSH	EBX
   448 0000037F 83 EC 0C                        	SUB	ESP,12
   449 00000382 8B 7D 1C                        	MOV	EDI,DWORD [28+EBP]
   450 00000385 8A 45 10                        	MOV	AL,BYTE [16+EBP]
   451 00000388 8B 5D 14                        	MOV	EBX,DWORD [20+EBP]
   452 0000038B 8B 75 20                        	MOV	ESI,DWORD [32+EBP]
   453 0000038E 88 45 F3                        	MOV	BYTE [-13+EBP],AL
   454 00000391 39 FB                           	CMP	EBX,EDI
   455 00000393 7F 2C                           	JG	L50
   456 00000395                                 L48:
   457 00000395 8B 4D 18                        	MOV	ECX,DWORD [24+EBP]
   458 00000398 39 F1                           	CMP	ECX,ESI
   459 0000039A 7F 20                           	JG	L52
   460 0000039C 8B 55 0C                        	MOV	EDX,DWORD [12+EBP]
   461 0000039F 8B 45 08                        	MOV	EAX,DWORD [8+EBP]
   462 000003A2 0F AF D1                        	IMUL	EDX,ECX
   463 000003A5 01 D8                           	ADD	EAX,EBX
   464 000003A7 89 45 EC                        	MOV	DWORD [-20+EBP],EAX
   465 000003AA 89 D0                           	MOV	EAX,EDX
   466 000003AC 03 45 EC                        	ADD	EAX,DWORD [-20+EBP]
   467 000003AF                                 L47:
   468 000003AF 8A 55 F3                        	MOV	DL,BYTE [-13+EBP]
   469 000003B2 41                              	INC	ECX
   470 000003B3 88 10                           	MOV	BYTE [EAX],DL
   471 000003B5 03 45 0C                        	ADD	EAX,DWORD [12+EBP]
   472 000003B8 39 F1                           	CMP	ECX,ESI
   473 000003BA 7E F3                           	JLE	L47
   474 000003BC                                 L52:
   475 000003BC 43                              	INC	EBX
   476 000003BD 39 FB                           	CMP	EBX,EDI
   477 000003BF 7E D4                           	JLE	L48
   478 000003C1                                 L50:
   479 000003C1 83 C4 0C                        	ADD	ESP,12
   480 000003C4 5B                              	POP	EBX
   481 000003C5 5E                              	POP	ESI
   482 000003C6 5F                              	POP	EDI
   483 000003C7 5D                              	POP	EBP
   484 000003C8 C3                              	RET
   485                                          [SECTION .data]
   486 00000030                                 _cursor.1:
   487 00000030 2A 2A 2A 2A 2A 2A 2A 2A 2A 2A   	DB	"**************.."
       0000003A 2A 2A 2A 2A 2E 2E 
   488 00000040 2A 4F 4F 4F 4F 4F 4F 4F 4F 4F   	DB	"*OOOOOOOOOOO*..."
       0000004A 4F 4F 2A 2E 2E 2E 
   489 00000050 2A 4F 4F 4F 4F 4F 4F 4F 4F 4F   	DB	"*OOOOOOOOOO*...."
       0000005A 4F 2A 2E 2E 2E 2E 
   490 00000060 2A 4F 4F 4F 4F 4F 4F 4F 4F 4F   	DB	"*OOOOOOOOO*....."
       0000006A 2A 2E 2E 2E 2E 2E 
   491 00000070 2A 4F 4F 4F 4F 4F 4F 4F 4F 2A   	DB	"*OOOOOOOO*......"
       0000007A 2E 2E 2E 2E 2E 2E 
   492 00000080 2A 4F 4F 4F 4F 4F 4F 4F 2A 2E   	DB	"*OOOOOOO*......."
       0000008A 2E 2E 2E 2E 2E 2E 
   493 00000090 2A 4F 4F 4F 4F 4F 4F 4F 2A 2E   	DB	"*OOOOOOO*......."
       0000009A 2E 2E 2E 2E 2E 2E 
   494 000000A0 2A 4F 4F 4F 4F 4F 4F 4F 4F 2A   	DB	"*OOOOOOOO*......"
       000000AA 2E 2E 2E 2E 2E 2E 
   495 000000B0 2A 4F 4F 4F 4F 2A 2A 4F 4F 4F   	DB	"*OOOO**OOO*....."
       000000BA 2A 2E 2E 2E 2E 2E 
   496 000000C0 2A 4F 4F 4F 2A 2E 2E 2A 4F 4F   	DB	"*OOO*..*OOO*...."
       000000CA 4F 2A 2E 2E 2E 2E 
   497 000000D0 2A 4F 4F 2A 2E 2E 2E 2E 2A 4F   	DB	"*OO*....*OOO*..."
       000000DA 4F 4F 2A 2E 2E 2E 
   498 000000E0 2A 4F 2A 2E 2E 2E 2E 2E 2E 2A   	DB	"*O*......*OOO*.."
       000000EA 4F 4F 4F 2A 2E 2E 
   499 000000F0 2A 2A 2E 2E 2E 2E 2E 2E 2E 2E   	DB	"**........*OOO*."
       000000FA 2A 4F 4F 4F 2A 2E 
   500 00000100 2A 2E 2E 2E 2E 2E 2E 2E 2E 2E   	DB	"*..........*OOO*"
       0000010A 2E 2A 4F 4F 4F 2A 
   501 00000110 2E 2E 2E 2E 2E 2E 2E 2E 2E 2E   	DB	"............*OO*"
       0000011A 2E 2E 2A 4F 4F 2A 
   502 00000120 2E 2E 2E 2E 2E 2E 2E 2E 2E 2E   	DB	".............***"
       0000012A 2E 2E 2E 2A 2A 2A 
   503                                          [SECTION .text]
   504 000003C9                                 	GLOBAL	_init_mouse_cursor8
   505 000003C9                                 _init_mouse_cursor8:
   506 000003C9 55                              	PUSH	EBP
   507 000003CA 89 E5                           	MOV	EBP,ESP
   508 000003CC 57                              	PUSH	EDI
   509 000003CD 56                              	PUSH	ESI
   510 000003CE 31 FF                           	XOR	EDI,EDI
   511 000003D0 53                              	PUSH	EBX
   512 000003D1 56                              	PUSH	ESI
   513 000003D2 31 DB                           	XOR	EBX,EBX
   514 000003D4 8A 45 0C                        	MOV	AL,BYTE [12+EBP]
   515 000003D7 8B 75 08                        	MOV	ESI,DWORD [8+EBP]
   516 000003DA 88 45 F3                        	MOV	BYTE [-13+EBP],AL
   517 000003DD                                 L66:
   518 000003DD 31 D2                           	XOR	EDX,EDX
   519 000003DF                                 L65:
   520 000003DF 8D 04 3A                        	LEA	EAX,DWORD [EDX+EDI*1]
   521 000003E2 80 B8 [00000030] 2A             	CMP	BYTE [_cursor.1+EAX],42
   522 000003E9 74 35                           	JE	L71
   523 000003EB                                 L62:
   524 000003EB 80 B8 [00000030] 4F             	CMP	BYTE [_cursor.1+EAX],79
   525 000003F2 74 26                           	JE	L72
   526 000003F4                                 L63:
   527 000003F4 80 B8 [00000030] 2E             	CMP	BYTE [_cursor.1+EAX],46
   528 000003FB 74 15                           	JE	L73
   529 000003FD                                 L60:
   530 000003FD 42                              	INC	EDX
   531 000003FE 83 FA 0F                        	CMP	EDX,15
   532 00000401 7E DC                           	JLE	L65
   533 00000403 43                              	INC	EBX
   534 00000404 83 C7 10                        	ADD	EDI,16
   535 00000407 83 FB 0F                        	CMP	EBX,15
   536 0000040A 7E D1                           	JLE	L66
   537 0000040C 5B                              	POP	EBX
   538 0000040D 5B                              	POP	EBX
   539 0000040E 5E                              	POP	ESI
   540 0000040F 5F                              	POP	EDI
   541 00000410 5D                              	POP	EBP
   542 00000411 C3                              	RET
   543 00000412                                 L73:
   544 00000412 8A 4D F3                        	MOV	CL,BYTE [-13+EBP]
   545 00000415 88 0C 30                        	MOV	BYTE [EAX+ESI*1],CL
   546 00000418 EB E3                           	JMP	L60
   547 0000041A                                 L72:
   548 0000041A C6 04 30 07                     	MOV	BYTE [EAX+ESI*1],7
   549 0000041E EB D4                           	JMP	L63
   550 00000420                                 L71:
   551 00000420 C6 04 30 00                     	MOV	BYTE [EAX+ESI*1],0
   552 00000424 EB C5                           	JMP	L62
   553 00000426                                 	GLOBAL	_putblock8_8
   554 00000426                                 _putblock8_8:
   555 00000426 55                              	PUSH	EBP
   556 00000427 89 E5                           	MOV	EBP,ESP
   557 00000429 57                              	PUSH	EDI
   558 0000042A 56                              	PUSH	ESI
   559 0000042B 31 F6                           	XOR	ESI,ESI
   560 0000042D 53                              	PUSH	EBX
   561 0000042E 83 EC 0C                        	SUB	ESP,12
   562 00000431 3B 75 14                        	CMP	ESI,DWORD [20+EBP]
   563 00000434 7D 3E                           	JGE	L86
   564 00000436 31 FF                           	XOR	EDI,EDI
   565 00000438                                 L84:
   566 00000438 31 DB                           	XOR	EBX,EBX
   567 0000043A 3B 5D 10                        	CMP	EBX,DWORD [16+EBP]
   568 0000043D 7D 2C                           	JGE	L88
   569 0000043F 8B 45 20                        	MOV	EAX,DWORD [32+EBP]
   570 00000442 01 F8                           	ADD	EAX,EDI
   571 00000444 89 45 EC                        	MOV	DWORD [-20+EBP],EAX
   572 00000447                                 L83:
   573 00000447 8B 45 1C                        	MOV	EAX,DWORD [28+EBP]
   574 0000044A 8B 55 18                        	MOV	EDX,DWORD [24+EBP]
   575 0000044D 01 F0                           	ADD	EAX,ESI
   576 0000044F 01 DA                           	ADD	EDX,EBX
   577 00000451 0F AF 45 0C                     	IMUL	EAX,DWORD [12+EBP]
   578 00000455 01 D0                           	ADD	EAX,EDX
   579 00000457 8B 4D 08                        	MOV	ECX,DWORD [8+EBP]
   580 0000045A 8B 55 EC                        	MOV	EDX,DWORD [-20+EBP]
   581 0000045D 43                              	INC	EBX
   582 0000045E 8A 12                           	MOV	DL,BYTE [EDX]
   583 00000460 88 14 08                        	MOV	BYTE [EAX+ECX*1],DL
   584 00000463 FF 45 EC                        	INC	DWORD [-20+EBP]
   585 00000466 3B 5D 10                        	CMP	EBX,DWORD [16+EBP]
   586 00000469 7C DC                           	JL	L83
   587 0000046B                                 L88:
   588 0000046B 46                              	INC	ESI
   589 0000046C 03 7D 24                        	ADD	EDI,DWORD [36+EBP]
   590 0000046F 3B 75 14                        	CMP	ESI,DWORD [20+EBP]
   591 00000472 7C C4                           	JL	L84
   592 00000474                                 L86:
   593 00000474 83 C4 0C                        	ADD	ESP,12
   594 00000477 5B                              	POP	EBX
   595 00000478 5E                              	POP	ESI
   596 00000479 5F                              	POP	EDI
   597 0000047A 5D                              	POP	EBP
   598 0000047B C3                              	RET
   599 0000047C                                 	GLOBAL	_init_gdtidt
   600 0000047C                                 _init_gdtidt:
   601 0000047C 55                              	PUSH	EBP
   602 0000047D 89 E5                           	MOV	EBP,ESP
   603 0000047F 56                              	PUSH	ESI
   604 00000480 53                              	PUSH	EBX
   605 00000481 BE 00270000                     	MOV	ESI,2555904
   606 00000486 BB 00001FFF                     	MOV	EBX,8191
   607 0000048B                                 L94:
   608 0000048B 6A 00                           	PUSH	0
   609 0000048D 6A 00                           	PUSH	0
   610 0000048F 6A 00                           	PUSH	0
   611 00000491 56                              	PUSH	ESI
   612 00000492 83 C6 08                        	ADD	ESI,8
   613 00000495 E8 000000C0                     	CALL	_set_segmdesc
   614 0000049A 83 C4 10                        	ADD	ESP,16
   615 0000049D 4B                              	DEC	EBX
   616 0000049E 79 EB                           	JNS	L94
   617 000004A0 68 00004092                     	PUSH	16530
   618 000004A5 BE 0026F800                     	MOV	ESI,2553856
   619 000004AA 6A 00                           	PUSH	0
   620 000004AC BB 000000FF                     	MOV	EBX,255
   621 000004B1 6A FF                           	PUSH	-1
   622 000004B3 68 00270008                     	PUSH	2555912
   623 000004B8 E8 0000009D                     	CALL	_set_segmdesc
   624 000004BD 68 0000409A                     	PUSH	16538
   625 000004C2 68 00280000                     	PUSH	2621440
   626 000004C7 68 0007FFFF                     	PUSH	524287
   627 000004CC 68 00270010                     	PUSH	2555920
   628 000004D1 E8 00000084                     	CALL	_set_segmdesc
   629 000004D6 83 C4 20                        	ADD	ESP,32
   630 000004D9 68 00270000                     	PUSH	2555904
   631 000004DE 68 0000FFFF                     	PUSH	65535
   632 000004E3 E8 [00000000]                   	CALL	_load_gdtr
   633 000004E8 58                              	POP	EAX
   634 000004E9 5A                              	POP	EDX
   635 000004EA                                 L99:
   636 000004EA 6A 00                           	PUSH	0
   637 000004EC 6A 00                           	PUSH	0
   638 000004EE 6A 00                           	PUSH	0
   639 000004F0 56                              	PUSH	ESI
   640 000004F1 83 C6 08                        	ADD	ESI,8
   641 000004F4 E8 000000A8                     	CALL	_set_gatedesc
   642 000004F9 83 C4 10                        	ADD	ESP,16
   643 000004FC 4B                              	DEC	EBX
   644 000004FD 79 EB                           	JNS	L99
   645 000004FF 68 0000008E                     	PUSH	142
   646 00000504 6A 10                           	PUSH	16
   647 00000506 68 [00000000]                   	PUSH	_asm_inthandler21
   648 0000050B 68 0026F908                     	PUSH	2554120
   649 00000510 E8 0000008C                     	CALL	_set_gatedesc
   650 00000515 68 0000008E                     	PUSH	142
   651 0000051A 6A 10                           	PUSH	16
   652 0000051C 68 [00000000]                   	PUSH	_asm_inthandler27
   653 00000521 68 0026F938                     	PUSH	2554168
   654 00000526 E8 00000076                     	CALL	_set_gatedesc
   655 0000052B 83 C4 20                        	ADD	ESP,32
   656 0000052E 68 0000008E                     	PUSH	142
   657 00000533 6A 10                           	PUSH	16
   658 00000535 68 [00000000]                   	PUSH	_asm_inthandler2c
   659 0000053A 68 0026F960                     	PUSH	2554208
   660 0000053F E8 0000005D                     	CALL	_set_gatedesc
   661 00000544 68 0026F800                     	PUSH	2553856
   662 00000549 68 000007FF                     	PUSH	2047
   663 0000054E E8 [00000000]                   	CALL	_load_idtr
   664 00000553 8D 65 F8                        	LEA	ESP,DWORD [-8+EBP]
   665 00000556 5B                              	POP	EBX
   666 00000557 5E                              	POP	ESI
   667 00000558 5D                              	POP	EBP
   668 00000559 C3                              	RET
   669 0000055A                                 	GLOBAL	_set_segmdesc
   670 0000055A                                 _set_segmdesc:
   671 0000055A 55                              	PUSH	EBP
   672 0000055B 89 E5                           	MOV	EBP,ESP
   673 0000055D 53                              	PUSH	EBX
   674 0000055E 8B 55 0C                        	MOV	EDX,DWORD [12+EBP]
   675 00000561 8B 4D 10                        	MOV	ECX,DWORD [16+EBP]
   676 00000564 8B 5D 08                        	MOV	EBX,DWORD [8+EBP]
   677 00000567 8B 45 14                        	MOV	EAX,DWORD [20+EBP]
   678 0000056A 81 FA 000FFFFF                  	CMP	EDX,1048575
   679 00000570 76 08                           	JBE	L105
   680 00000572 C1 EA 0C                        	SHR	EDX,12
   681 00000575 0D 00008000                     	OR	EAX,32768
   682 0000057A                                 L105:
   683 0000057A 66 89 13                        	MOV	WORD [EBX],DX
   684 0000057D 88 43 05                        	MOV	BYTE [5+EBX],AL
   685 00000580 C1 F8 08                        	SAR	EAX,8
   686 00000583 66 89 4B 02                     	MOV	WORD [2+EBX],CX
   687 00000587 83 E0 F0                        	AND	EAX,-16
   688 0000058A C1 F9 10                        	SAR	ECX,16
   689 0000058D C1 EA 10                        	SHR	EDX,16
   690 00000590 88 4B 04                        	MOV	BYTE [4+EBX],CL
   691 00000593 C1 F9 08                        	SAR	ECX,8
   692 00000596 09 D0                           	OR	EAX,EDX
   693 00000598 88 43 06                        	MOV	BYTE [6+EBX],AL
   694 0000059B 88 4B 07                        	MOV	BYTE [7+EBX],CL
   695 0000059E 5B                              	POP	EBX
   696 0000059F 5D                              	POP	EBP
   697 000005A0 C3                              	RET
   698 000005A1                                 	GLOBAL	_set_gatedesc
   699 000005A1                                 _set_gatedesc:
   700 000005A1 55                              	PUSH	EBP
   701 000005A2 89 E5                           	MOV	EBP,ESP
   702 000005A4 53                              	PUSH	EBX
   703 000005A5 8B 55 08                        	MOV	EDX,DWORD [8+EBP]
   704 000005A8 8B 45 10                        	MOV	EAX,DWORD [16+EBP]
   705 000005AB 8B 5D 14                        	MOV	EBX,DWORD [20+EBP]
   706 000005AE 8B 4D 0C                        	MOV	ECX,DWORD [12+EBP]
   707 000005B1 66 89 42 02                     	MOV	WORD [2+EDX],AX
   708 000005B5 88 5A 05                        	MOV	BYTE [5+EDX],BL
   709 000005B8 66 89 0A                        	MOV	WORD [EDX],CX
   710 000005BB 89 D8                           	MOV	EAX,EBX
   711 000005BD C1 F8 08                        	SAR	EAX,8
   712 000005C0 C1 F9 10                        	SAR	ECX,16
   713 000005C3 88 42 04                        	MOV	BYTE [4+EDX],AL
   714 000005C6 66 89 4A 06                     	MOV	WORD [6+EDX],CX
   715 000005CA 5B                              	POP	EBX
   716 000005CB 5D                              	POP	EBP
   717 000005CC C3                              	RET
   718 000005CD                                 	GLOBAL	_init_pic
   719 000005CD                                 _init_pic:
   720 000005CD 55                              	PUSH	EBP
   721 000005CE 89 E5                           	MOV	EBP,ESP
   722 000005D0 68 000000FF                     	PUSH	255
   723 000005D5 6A 21                           	PUSH	33
   724 000005D7 E8 [00000000]                   	CALL	_io_out8
   725 000005DC 68 000000FF                     	PUSH	255
   726 000005E1 68 000000A1                     	PUSH	161
   727 000005E6 E8 [00000000]                   	CALL	_io_out8
   728 000005EB 6A 11                           	PUSH	17
   729 000005ED 6A 20                           	PUSH	32
   730 000005EF E8 [00000000]                   	CALL	_io_out8
   731 000005F4 6A 20                           	PUSH	32
   732 000005F6 6A 21                           	PUSH	33
   733 000005F8 E8 [00000000]                   	CALL	_io_out8
   734 000005FD 83 C4 20                        	ADD	ESP,32
   735 00000600 6A 04                           	PUSH	4
   736 00000602 6A 21                           	PUSH	33
   737 00000604 E8 [00000000]                   	CALL	_io_out8
   738 00000609 6A 01                           	PUSH	1
   739 0000060B 6A 21                           	PUSH	33
   740 0000060D E8 [00000000]                   	CALL	_io_out8
   741 00000612 6A 11                           	PUSH	17
   742 00000614 68 000000A0                     	PUSH	160
   743 00000619 E8 [00000000]                   	CALL	_io_out8
   744 0000061E 6A 28                           	PUSH	40
   745 00000620 68 000000A1                     	PUSH	161
   746 00000625 E8 [00000000]                   	CALL	_io_out8
   747 0000062A 83 C4 20                        	ADD	ESP,32
   748 0000062D 6A 02                           	PUSH	2
   749 0000062F 68 000000A1                     	PUSH	161
   750 00000634 E8 [00000000]                   	CALL	_io_out8
   751 00000639 6A 01                           	PUSH	1
   752 0000063B 68 000000A1                     	PUSH	161
   753 00000640 E8 [00000000]                   	CALL	_io_out8
   754 00000645 68 000000FB                     	PUSH	251
   755 0000064A 6A 21                           	PUSH	33
   756 0000064C E8 [00000000]                   	CALL	_io_out8
   757 00000651 68 000000FF                     	PUSH	255
   758 00000656 68 000000A1                     	PUSH	161
   759 0000065B E8 [00000000]                   	CALL	_io_out8
   760 00000660 C9                              	LEAVE
   761 00000661 C3                              	RET
   762                                          [SECTION .data]
   763 00000130                                 LC0:
   764 00000130 25 30 32 58 00                  	DB	"%02X",0x00
   765                                          [SECTION .text]
   766 00000662                                 	GLOBAL	_inthandler21
   767 00000662                                 _inthandler21:
   768 00000662 55                              	PUSH	EBP
   769 00000663 89 E5                           	MOV	EBP,ESP
   770 00000665 53                              	PUSH	EBX
   771 00000666 83 EC 10                        	SUB	ESP,16
   772 00000669 6A 61                           	PUSH	97
   773 0000066B 6A 20                           	PUSH	32
   774 0000066D E8 [00000000]                   	CALL	_io_out8
   775 00000672 6A 60                           	PUSH	96
   776 00000674 E8 [00000000]                   	CALL	_io_in8
   777 00000679 6A 0F                           	PUSH	15
   778 0000067B 6A 1F                           	PUSH	31
   779 0000067D 89 C3                           	MOV	EBX,EAX
   780 0000067F 6A 00                           	PUSH	0
   781 00000681 6A 00                           	PUSH	0
   782 00000683 6A 0C                           	PUSH	12
   783 00000685 0F BF 05 00000FF4               	MOVSX	EAX,WORD [4084]
   784 0000068C 50                              	PUSH	EAX
   785 0000068D FF 35 00000FF8                  	PUSH	DWORD [4088]
   786 00000693 E8 FFFFFCE1                     	CALL	_boxfill8
   787 00000698 83 C4 28                        	ADD	ESP,40
   788 0000069B 0F BF 05 00000FF6               	MOVSX	EAX,WORD [4086]
   789 000006A2 50                              	PUSH	EAX
   790 000006A3 0F BF 05 00000FF4               	MOVSX	EAX,WORD [4084]
   791 000006AA 50                              	PUSH	EAX
   792 000006AB FF 35 00000FF8                  	PUSH	DWORD [4088]
   793 000006B1 E8 FFFFFA9D                     	CALL	_init_screen
   794 000006B6 53                              	PUSH	EBX
   795 000006B7 68 [00000130]                   	PUSH	LC0
   796 000006BC 8D 5D EC                        	LEA	EBX,DWORD [-20+EBP]
   797 000006BF 53                              	PUSH	EBX
   798 000006C0 E8 [00000000]                   	CALL	_sprintf
   799 000006C5 53                              	PUSH	EBX
   800 000006C6 6A 07                           	PUSH	7
   801 000006C8 6A 00                           	PUSH	0
   802 000006CA 6A 00                           	PUSH	0
   803 000006CC 0F BF 05 00000FF4               	MOVSX	EAX,WORD [4084]
   804 000006D3 50                              	PUSH	EAX
   805 000006D4 FF 35 00000FF8                  	PUSH	DWORD [4088]
   806 000006DA E8 FFFFFA27                     	CALL	_putfont8_asc
   807 000006DF 8B 5D FC                        	MOV	EBX,DWORD [-4+EBP]
   808 000006E2 C9                              	LEAVE
   809 000006E3 C3                              	RET
   810                                          [SECTION .data]
   811 00000135                                 LC1:
   812 00000135 49 4E 54 20 32 43 20 28 49 52   	DB	"INT 2C (IRQ-12) : PS/2 mouse",0x00
       0000013F 51 2D 31 32 29 20 3A 20 50 53 
       00000149 2F 32 20 6D 6F 75 73 65 00 
   813                                          [SECTION .text]
   814 000006E4                                 	GLOBAL	_inthandler2c
   815 000006E4                                 _inthandler2c:
   816 000006E4 55                              	PUSH	EBP
   817 000006E5 89 E5                           	MOV	EBP,ESP
   818 000006E7 6A 0F                           	PUSH	15
   819 000006E9 68 000000FF                     	PUSH	255
   820 000006EE 6A 00                           	PUSH	0
   821 000006F0 6A 00                           	PUSH	0
   822 000006F2 6A 00                           	PUSH	0
   823 000006F4 0F BF 05 00000FF4               	MOVSX	EAX,WORD [4084]
   824 000006FB 50                              	PUSH	EAX
   825 000006FC FF 35 00000FF8                  	PUSH	DWORD [4088]
   826 00000702 E8 FFFFFC72                     	CALL	_boxfill8
   827 00000707 68 [00000135]                   	PUSH	LC1
   828 0000070C 6A 07                           	PUSH	7
   829 0000070E 6A 00                           	PUSH	0
   830 00000710 6A 00                           	PUSH	0
   831 00000712 0F BF 05 00000FF4               	MOVSX	EAX,WORD [4084]
   832 00000719 50                              	PUSH	EAX
   833 0000071A FF 35 00000FF8                  	PUSH	DWORD [4088]
   834 00000720 E8 FFFFF9E1                     	CALL	_putfont8_asc
   835 00000725 C9                              	LEAVE
   836 00000726 C3                              	RET
   837 00000727                                 	GLOBAL	_inthandler27
   838 00000727                                 _inthandler27:
   839 00000727 55                              	PUSH	EBP
   840 00000728 89 E5                           	MOV	EBP,ESP
   841 0000072A 6A 67                           	PUSH	103
   842 0000072C 6A 20                           	PUSH	32
   843 0000072E E8 [00000000]                   	CALL	_io_out8
   844 00000733 C9                              	LEAVE
   845 00000734 C3                              	RET
