     1 00000000                                 
     2 00000000                                         
     3                                                  org     0x7c00
     4 00007C00                                         
     5 00007C00                                         ;以下是fat12磁盘格式设置
     6 00007C00 EB 4E                                   jmp     entry
     7 00007C02 90                                  	DB		0x90
     8 00007C03 48 45 4C 4C 4F 49 50 4C         		DB		"HELLOIPL"		
     9 00007C0B 0200                            		DW		512				
    10 00007C0D 01                              		DB		1				
    11 00007C0E 0001                            		DW		1				
    12 00007C10 02                              		DB		2				
    13 00007C11 00E0                            		DW		224				
    14 00007C13 0B40                            		DW		2880			
    15 00007C15 F0                              		DB		0xf0			
    16 00007C16 0009                            		DW		9				
    17 00007C18 0012                            		DW		18				
    18 00007C1A 0002                            		DW		2				
    19 00007C1C 00000000                        		DD		0				
    20 00007C20 00000B40                        		DD		2880			
    21 00007C24 00 00 29                        		DB		0,0,0x29		
    22 00007C27 FFFFFFFF                        		DD		0xffffffff		
    23 00007C2B 48 45 4C 4C 4F 2D 4F 53 20 20   		DB		"HELLO-OS   "	
       00007C35 20 
    24 00007C36 46 41 54 31 32 20 20 20         		DB		"FAT12   "		
    25 00007C3E 00 00 00 00 00 00 00 00 00 00   		RESB	18
       00007C48 00 00 00 00 00 00 00 00 
    26 00007C50                                 
    27 00007C50                                 entry:
    28 00007C50 B8 0000                                 mov     ax, 0
    29 00007C53 8E D0                                   mov     ss, ax
    30 00007C55 BC 7C00                                 mov     sp, 0x7c00
    31 00007C58 8E D8                                   mov     ds, ax
    32 00007C5A 8E C0                                   mov     es, ax
    33 00007C5C BE 7C75                                 mov     si,  msg
    34 00007C5F                                 
    35 00007C5F                                 putloop:
    36 00007C5F 8A 04                                   mov     al, [si]
    37 00007C61 83 C6 01                                add     si, 1
    38 00007C64 3C 00                                   cmp     al, 0
    39 00007C66 74 0A                                   je      fin
    40 00007C68 B4 0E                                   mov     ah, 0x0e
    41 00007C6A B7 00                                   mov     bh, 0
    42 00007C6C B3 01                                   mov     bl, 1
    43 00007C6E CD 10                                   int     0x10
    44 00007C70 EB ED                                   jmp     putloop
    45 00007C72                                         
    46 00007C72                                 fin:
    47 00007C72 F4                                      hlt
    48 00007C73 EB FD                                   jmp     fin
    49 00007C75                                 msg:
    50 00007C75 0A 0A                                   DB      0x0a, 0x0a
    51 00007C77 48 65 6C 6C 6F 20 65 67 67 21           DB      "Hello egg!"
    52 00007C81 0A                                      DB      0x0a
    53 00007C82 00                                      DB      0
    54 00007C83                                         
    55 00007C83 00 00 00 00 00 00 00 00 00 00           resb    0x7dfe-$
       00007C8D 00 00 00 00 00 00 00 00 00 00 
       00007C97 00 00 00 00 00 00 00 00 00 00 
       00007CA1 00 00 00 00 00 00 00 00 00 00 
       00007CAB 00 00 00 00 00 00 00 00 00 00 
       00007CB5 00 00 00 00 00 00 00 00 00 00 
       00007CBF 00 00 00 00 00 00 00 00 00 00 
       00007CC9 00 00 00 00 00 00 00 00 00 00 
       00007CD3 00 00 00 00 00 00 00 00 00 00 
       00007CDD 00 00 00 00 00 00 00 00 00 00 
       00007CE7 00 00 00 00 00 00 00 00 00 00 
       00007CF1 00 00 00 00 00 00 00 00 00 00 
       00007CFB 00 00 00 00 00 00 00 00 00 00 
       00007D05 00 00 00 00 00 00 00 00 00 00 
       00007D0F 00 00 00 00 00 00 00 00 00 00 
       00007D19 00 00 00 00 00 00 00 00 00 00 
       00007D23 00 00 00 00 00 00 00 00 00 00 
       00007D2D 00 00 00 00 00 00 00 00 00 00 
       00007D37 00 00 00 00 00 00 00 00 00 00 
       00007D41 00 00 00 00 00 00 00 00 00 00 
       00007D4B 00 00 00 00 00 00 00 00 00 00 
       00007D55 00 00 00 00 00 00 00 00 00 00 
       00007D5F 00 00 00 00 00 00 00 00 00 00 
       00007D69 00 00 00 00 00 00 00 00 00 00 
       00007D73 00 00 00 00 00 00 00 00 00 00 
       00007D7D 00 00 00 00 00 00 00 00 00 00 
       00007D87 00 00 00 00 00 00 00 00 00 00 
       00007D91 00 00 00 00 00 00 00 00 00 00 
       00007D9B 00 00 00 00 00 00 00 00 00 00 
       00007DA5 00 00 00 00 00 00 00 00 00 00 
       00007DAF 00 00 00 00 00 00 00 00 00 00 
       00007DB9 00 00 00 00 00 00 00 00 00 00 
       00007DC3 00 00 00 00 00 00 00 00 00 00 
       00007DCD 00 00 00 00 00 00 00 00 00 00 
       00007DD7 00 00 00 00 00 00 00 00 00 00 
       00007DE1 00 00 00 00 00 00 00 00 00 00 
       00007DEB 00 00 00 00 00 00 00 00 00 00 
       00007DF5 00 00 00 00 00 00 00 00 00 
    56 00007DFE 55 AA                                   DB      0x55, 0xaa
